Determining if the pthread_create exist failed with the following output:
Change Dir: /home/luisalfredo/JetRacer/ROS/build/CMakeFiles/CMakeTmp

Run Build Command:"/usr/bin/make" "cmTC_50960/fast"
/usr/bin/make -f CMakeFiles/cmTC_50960.dir/build.make CMakeFiles/cmTC_50960.dir/build
make[1]: Entering directory '/home/luisalfredo/JetRacer/ROS/build/CMakeFiles/CMakeTmp'
Building C object CMakeFiles/cmTC_50960.dir/CheckSymbolExists.c.o
/usr/bin/cc    -o CMakeFiles/cmTC_50960.dir/CheckSymbolExists.c.o   -c /home/luisalfredo/JetRacer/ROS/build/CMakeFiles/CMakeTmp/CheckSymbolExists.c
Linking C executable cmTC_50960
/usr/bin/cmake -E cmake_link_script CMakeFiles/cmTC_50960.dir/link.txt --verbose=1
/usr/bin/cc      -rdynamic CMakeFiles/cmTC_50960.dir/CheckSymbolExists.c.o  -o cmTC_50960 
CMakeFiles/cmTC_50960.dir/CheckSymbolExists.c.o: In function `main':
CheckSymbolExists.c:(.text+0x14): undefined reference to `pthread_create'
CheckSymbolExists.c:(.text+0x18): undefined reference to `pthread_create'
collect2: error: ld returned 1 exit status
CMakeFiles/cmTC_50960.dir/build.make:97: recipe for target 'cmTC_50960' failed
make[1]: *** [cmTC_50960] Error 1
make[1]: Leaving directory '/home/luisalfredo/JetRacer/ROS/build/CMakeFiles/CMakeTmp'
Makefile:126: recipe for target 'cmTC_50960/fast' failed
make: *** [cmTC_50960/fast] Error 2

File /home/luisalfredo/JetRacer/ROS/build/CMakeFiles/CMakeTmp/CheckSymbolExists.c:
/* */
#include <pthread.h>

int main(int argc, char** argv)
{
  (void)argv;
#ifndef pthread_create
  return ((int*)(&pthread_create))[argc];
#else
  (void)argc;
  return 0;
#endif
}

Determining if the function pthread_create exists in the pthreads failed with the following output:
Change Dir: /home/luisalfredo/JetRacer/ROS/build/CMakeFiles/CMakeTmp

Run Build Command:"/usr/bin/make" "cmTC_006ee/fast"
/usr/bin/make -f CMakeFiles/cmTC_006ee.dir/build.make CMakeFiles/cmTC_006ee.dir/build
make[1]: Entering directory '/home/luisalfredo/JetRacer/ROS/build/CMakeFiles/CMakeTmp'
Building C object CMakeFiles/cmTC_006ee.dir/CheckFunctionExists.c.o
/usr/bin/cc   -DCHECK_FUNCTION_EXISTS=pthread_create   -o CMakeFiles/cmTC_006ee.dir/CheckFunctionExists.c.o   -c /usr/share/cmake-3.10/Modules/CheckFunctionExists.c
Linking C executable cmTC_006ee
/usr/bin/cmake -E cmake_link_script CMakeFiles/cmTC_006ee.dir/link.txt --verbose=1
/usr/bin/cc  -DCHECK_FUNCTION_EXISTS=pthread_create    -rdynamic CMakeFiles/cmTC_006ee.dir/CheckFunctionExists.c.o  -o cmTC_006ee -lpthreads 
/usr/bin/ld: cannot find -lpthreads
collect2: error: ld returned 1 exit status
CMakeFiles/cmTC_006ee.dir/build.make:97: recipe for target 'cmTC_006ee' failed
make[1]: *** [cmTC_006ee] Error 1
make[1]: Leaving directory '/home/luisalfredo/JetRacer/ROS/build/CMakeFiles/CMakeTmp'
Makefile:126: recipe for target 'cmTC_006ee/fast' failed
make: *** [cmTC_006ee/fast] Error 2


